{
  "RSpec": {
    "coverage": {
      "/Users/victornweze/Desktop/myprojects/ruby/rails-api/todos-api/spec/auth/authenticate_user_spec.rb": [
        1,
        null,
        1,
        null,
        2,
        null,
        2,
        null,
        2,
        null,
        null,
        1,
        null,
        1,
        1,
        1,
        1,
        null,
        null,
        null,
        null,
        1,
        1,
        2,
        null,
        null,
        null,
        null,
        null,
        null,
        null,
        null
      ],
      "/Users/victornweze/Desktop/myprojects/ruby/rails-api/todos-api/spec/rails_helper.rb": [
        null,
        1,
        1,
        1,
        null,
        1,
        1,
        1,
        null,
        null,
        null,
        null,
        null,
        null,
        null,
        null,
        null,
        null,
        null,
        null,
        null,
        null,
        null,
        null,
        null,
        null,
        null,
        1,
        1,
        null,
        0,
        0,
        null,
        null,
        null,
        3,
        null,
        null,
        null,
        null,
        null,
        null,
        null,
        null,
        1,
        1,
        1,
        1,
        null,
        null,
        null,
        1,
        null,
        1,
        null,
        1,
        null,
        null,
        1,
        null,
        null,
        null,
        1,
        1,
        1,
        null,
        null,
        null,
        1,
        54,
        54,
        null,
        null,
        null,
        null,
        1,
        null,
        null,
        null,
        null,
        1,
        null,
        null,
        null,
        null,
        null,
        null,
        null,
        null,
        null,
        null,
        null,
        null,
        null,
        null,
        1,
        null,
        null,
        1,
        null,
        null,
        null
      ],
      "/Users/victornweze/Desktop/myprojects/ruby/rails-api/todos-api/config/environment.rb": [
        null,
        1,
        null,
        null,
        1
      ],
      "/Users/victornweze/Desktop/myprojects/ruby/rails-api/todos-api/config/application.rb": [
        1,
        null,
        1,
        null,
        1,
        1,
        1,
        1,
        1,
        1,
        1,
        1,
        null,
        null,
        null,
        null,
        null,
        1,
        null,
        1,
        1,
        null,
        1,
        null,
        null,
        null,
        null,
        null,
        null,
        null,
        null,
        null,
        1,
        null,
        null
      ],
      "/Users/victornweze/Desktop/myprojects/ruby/rails-api/todos-api/config/boot.rb": [
        1,
        null,
        1,
        1
      ],
      "/Users/victornweze/Desktop/myprojects/ruby/rails-api/todos-api/config/environments/test.rb": [
        1,
        null,
        null,
        null,
        null,
        null,
        null,
        1,
        null,
        null,
        null,
        null,
        1,
        null,
        null,
        1,
        1,
        null,
        null,
        null,
        null,
        1,
        1,
        null,
        null,
        1,
        null,
        null,
        1,
        null,
        null,
        1,
        null,
        1,
        null,
        null,
        null,
        null,
        1,
        null,
        null,
        1,
        null,
        null,
        null,
        null
      ],
      "/Users/victornweze/Desktop/myprojects/ruby/rails-api/todos-api/config/initializers/application_controller_renderer.rb": [
        null,
        null,
        null,
        null,
        null,
        null,
        null,
        null
      ],
      "/Users/victornweze/Desktop/myprojects/ruby/rails-api/todos-api/config/initializers/backtrace_silencers.rb": [
        null,
        null,
        null,
        null,
        null,
        null,
        null
      ],
      "/Users/victornweze/Desktop/myprojects/ruby/rails-api/todos-api/config/initializers/cors.rb": [
        null,
        null,
        null,
        null,
        null,
        null,
        null,
        null,
        null,
        null,
        null,
        null,
        null,
        null,
        null,
        null
      ],
      "/Users/victornweze/Desktop/myprojects/ruby/rails-api/todos-api/config/initializers/filter_parameter_logging.rb": [
        null,
        null,
        null,
        1
      ],
      "/Users/victornweze/Desktop/myprojects/ruby/rails-api/todos-api/config/initializers/inflections.rb": [
        null,
        null,
        null,
        null,
        null,
        null,
        null,
        null,
        null,
        null,
        null,
        null,
        null,
        null,
        null,
        null
      ],
      "/Users/victornweze/Desktop/myprojects/ruby/rails-api/todos-api/config/initializers/mime_types.rb": [
        null,
        null,
        null,
        null
      ],
      "/Users/victornweze/Desktop/myprojects/ruby/rails-api/todos-api/config/initializers/wrap_parameters.rb": [
        null,
        null,
        null,
        null,
        null,
        null,
        1,
        2,
        null,
        null,
        null,
        null,
        null,
        null
      ],
      "/Users/victornweze/Desktop/myprojects/ruby/rails-api/todos-api/spec/factories/items.rb": [
        null,
        null,
        null,
        1,
        1,
        321,
        321,
        1,
        null,
        null
      ],
      "/Users/victornweze/Desktop/myprojects/ruby/rails-api/todos-api/spec/factories/todos.rb": [
        null,
        null,
        null,
        1,
        1,
        147,
        1,
        null,
        null
      ],
      "/Users/victornweze/Desktop/myprojects/ruby/rails-api/todos-api/spec/factories/users.rb": [
        1,
        1,
        45,
        45,
        45,
        null,
        null
      ],
      "/Users/victornweze/Desktop/myprojects/ruby/rails-api/todos-api/config/routes.rb": [
        1,
        null,
        1,
        1,
        null,
        1,
        1,
        null,
        null
      ],
      "/Users/victornweze/Desktop/myprojects/ruby/rails-api/todos-api/spec/support/controller_spec_helper.rb": [
        1,
        null,
        1,
        39,
        null,
        null,
        null,
        1,
        1,
        null,
        null,
        null,
        1,
        null,
        null,
        null,
        36,
        null,
        null,
        null,
        1,
        null,
        null,
        null,
        0,
        null,
        null
      ],
      "/Users/victornweze/Desktop/myprojects/ruby/rails-api/todos-api/spec/support/request_spec_helper.rb": [
        1,
        null,
        1,
        12,
        null,
        null
      ],
      "/Users/victornweze/Desktop/myprojects/ruby/rails-api/todos-api/app/auth/authenticate_user.rb": [
        1,
        1,
        7,
        7,
        null,
        null,
        null,
        1,
        7,
        null,
        null,
        1,
        null,
        1,
        null,
        null,
        1,
        12,
        12,
        null,
        null,
        2,
        null,
        null
      ],
      "/Users/victornweze/Desktop/myprojects/ruby/rails-api/todos-api/spec/auth/authorize_api_request_spec.rb": [
        1,
        null,
        1,
        null,
        3,
        null,
        null,
        2,
        null,
        null,
        2,
        null,
        null,
        2,
        null,
        null,
        null,
        1,
        null,
        1,
        1,
        1,
        1,
        null,
        null,
        null,
        null,
        1,
        1,
        1,
        2,
        null,
        null,
        null,
        null,
        1,
        1,
        null,
        1,
        null,
        null,
        1,
        2,
        null,
        null,
        null,
        null,
        1,
        2,
        2,
        null,
        1,
        2,
        null,
        null,
        null,
        null,
        null,
        null,
        null,
        1,
        2,
        2,
        null,
        1,
        2,
        null,
        null,
        null,
        null,
        null,
        null,
        null,
        null,
        null
      ],
      "/Users/victornweze/Desktop/myprojects/ruby/rails-api/todos-api/app/auth/authorize_api_request.rb": [
        1,
        1,
        36,
        null,
        null,
        null,
        1,
        null,
        null,
        36,
        null,
        null,
        1,
        null,
        1,
        null,
        1,
        null,
        null,
        36,
        null,
        null,
        null,
        null,
        1,
        null,
        1,
        null,
        null,
        null,
        null,
        1,
        68,
        null,
        null,
        null,
        1,
        36,
        34,
        null,
        null,
        2,
        null,
        null
      ],
      "/Users/victornweze/Desktop/myprojects/ruby/rails-api/todos-api/spec/controllers/application_controller_spec.rb": [
        1,
        null,
        1,
        null,
        3,
        null,
        2,
        2,
        null,
        1,
        1,
        2,
        null,
        null,
        1,
        2,
        null,
        null,
        null,
        1,
        1,
        1,
        null,
        null,
        1,
        3,
        null,
        null,
        null,
        null,
        null
      ],
      "/Users/victornweze/Desktop/myprojects/ruby/rails-api/todos-api/app/controllers/application_controller.rb": [
        1,
        1,
        1,
        null,
        null,
        1,
        1,
        null,
        1,
        null,
        null,
        1,
        31,
        null,
        null
      ],
      "/Users/victornweze/Desktop/myprojects/ruby/rails-api/todos-api/app/controllers/concerns/response.rb": [
        1,
        1,
        30,
        null,
        null
      ],
      "/Users/victornweze/Desktop/myprojects/ruby/rails-api/todos-api/app/controllers/concerns/exception_handler.rb": [
        1,
        1,
        null,
        null,
        1,
        1,
        1,
        null,
        1,
        null,
        1,
        1,
        null,
        1,
        1,
        null,
        1,
        8,
        null,
        null,
        null,
        1,
        null,
        null,
        1,
        6,
        null,
        null,
        null,
        1,
        1,
        null,
        null
      ],
      "/Users/victornweze/Desktop/myprojects/ruby/rails-api/todos-api/spec/models/item_spec.rb": [
        1,
        null,
        null,
        1,
        null,
        null,
        2,
        null,
        null,
        null,
        2,
        null
      ],
      "/Users/victornweze/Desktop/myprojects/ruby/rails-api/todos-api/app/models/item.rb": [
        1,
        null,
        1,
        null,
        null,
        1,
        null
      ],
      "/Users/victornweze/Desktop/myprojects/ruby/rails-api/todos-api/app/models/application_record.rb": [
        1,
        1,
        null
      ],
      "/Users/victornweze/Desktop/myprojects/ruby/rails-api/todos-api/spec/models/todo_spec.rb": [
        1,
        null,
        null,
        1,
        null,
        null,
        2,
        null,
        null,
        null,
        2,
        2,
        null
      ],
      "/Users/victornweze/Desktop/myprojects/ruby/rails-api/todos-api/app/models/todo.rb": [
        1,
        null,
        1,
        null,
        null,
        1,
        null
      ],
      "/Users/victornweze/Desktop/myprojects/ruby/rails-api/todos-api/spec/models/user_spec.rb": [
        1,
        null,
        null,
        1,
        null,
        null,
        2,
        null,
        null,
        null,
        2,
        2,
        2,
        null
      ],
      "/Users/victornweze/Desktop/myprojects/ruby/rails-api/todos-api/app/models/user.rb": [
        1,
        null,
        1,
        null,
        null,
        1,
        null,
        1,
        null,
        1,
        null,
        null,
        null,
        null,
        3,
        null,
        null
      ],
      "/Users/victornweze/Desktop/myprojects/ruby/rails-api/todos-api/spec/requests/authentication_spec.rb": [
        1,
        null,
        1,
        null,
        1,
        null,
        3,
        null,
        null,
        3,
        null,
        null,
        1,
        null,
        null,
        null,
        1,
        null,
        1,
        null,
        null,
        null,
        1,
        null,
        null,
        null,
        null,
        null,
        null,
        1,
        2,
        null,
        1,
        1,
        null,
        null,
        null,
        null,
        1,
        2,
        null,
        1,
        1,
        null,
        null,
        null,
        null
      ],
      "/Users/victornweze/Desktop/myprojects/ruby/rails-api/todos-api/spec/requests/items_spec.rb": [
        1,
        null,
        1,
        17,
        null,
        17,
        17,
        15,
        6,
        17,
        null,
        null,
        1,
        5,
        null,
        1,
        1,
        1,
        null,
        null,
        1,
        1,
        null,
        null,
        null,
        1,
        3,
        null,
        1,
        1,
        null,
        null,
        1,
        1,
        null,
        null,
        null,
        null,
        null,
        1,
        5,
        null,
        1,
        1,
        1,
        null,
        null,
        1,
        1,
        null,
        null,
        null,
        1,
        3,
        null,
        1,
        1,
        null,
        null,
        1,
        1,
        null,
        null,
        null,
        null,
        null,
        1,
        2,
        null,
        1,
        2,
        null,
        1,
        1,
        null,
        null,
        null,
        1,
        3,
        null,
        1,
        1,
        null,
        null,
        1,
        1,
        null,
        null,
        null,
        null,
        null,
        1,
        5,
        null,
        1,
        4,
        null,
        null,
        1,
        1,
        1,
        null,
        null,
        1,
        1,
        1,
        null,
        null,
        null,
        1,
        3,
        null,
        1,
        1,
        null,
        null,
        1,
        1,
        null,
        null,
        null,
        null,
        null,
        1,
        2,
        null,
        1,
        1,
        null,
        null,
        null
      ],
      "/Users/victornweze/Desktop/myprojects/ruby/rails-api/todos-api/spec/requests/todos_spec.rb": [
        null,
        null,
        1,
        1,
        null,
        1,
        null,
        14,
        null,
        14,
        6,
        null,
        null,
        14,
        null,
        null,
        1,
        null,
        3,
        null,
        1,
        null,
        1,
        1,
        null,
        null,
        1,
        1,
        null,
        null,
        null,
        null,
        1,
        5,
        null,
        1,
        1,
        1,
        1,
        null,
        null,
        1,
        1,
        null,
        null,
        null,
        1,
        3,
        null,
        1,
        1,
        null,
        null,
        1,
        1,
        null,
        null,
        null,
        null,
        null,
        1,
        null,
        3,
        null,
        1,
        3,
        null,
        1,
        1,
        null,
        null,
        1,
        1,
        null,
        null,
        null,
        1,
        3,
        3,
        null,
        1,
        1,
        null,
        null,
        1,
        1,
        null,
        null,
        null,
        null,
        null,
        null,
        1,
        3,
        null,
        1,
        3,
        null,
        1,
        1,
        null,
        null,
        1,
        1,
        null,
        null,
        null,
        null,
        null,
        1,
        2,
        null,
        1,
        1,
        null,
        null,
        null
      ],
      "/Users/victornweze/Desktop/myprojects/ruby/rails-api/todos-api/spec/requests/users_spec.rb": [
        1,
        null,
        1,
        6,
        6,
        1,
        3,
        null,
        null,
        null,
        1,
        1,
        1,
        3,
        null,
        null,
        1,
        1,
        null,
        null,
        1,
        1,
        null,
        null,
        1,
        1,
        null,
        null,
        null,
        1,
        3,
        null,
        1,
        1,
        null,
        null,
        1,
        1,
        null,
        null,
        null,
        null,
        null
      ],
      "/Users/victornweze/Desktop/myprojects/ruby/rails-api/todos-api/app/lib/json_web_token.rb": [
        1,
        null,
        1,
        null,
        1,
        null,
        45,
        null,
        null,
        45,
        null,
        null,
        1,
        null,
        34,
        32,
        null,
        null,
        null,
        null,
        2,
        null,
        null
      ],
      "/Users/victornweze/Desktop/myprojects/ruby/rails-api/todos-api/app/lib/message.rb": [
        1,
        1,
        0,
        null,
        null,
        1,
        2,
        null,
        null,
        1,
        1,
        null,
        null,
        1,
        2,
        null,
        null,
        1,
        0,
        null,
        null,
        1,
        3,
        null,
        null,
        1,
        0,
        null,
        null,
        1,
        0,
        null,
        null
      ],
      "/Users/victornweze/Desktop/myprojects/ruby/rails-api/todos-api/app/controllers/authentication_controller.rb": [
        1,
        1,
        null,
        null,
        1,
        2,
        null,
        1,
        null,
        null,
        1,
        null,
        1,
        4,
        null,
        null
      ],
      "/Users/victornweze/Desktop/myprojects/ruby/rails-api/todos-api/app/controllers/items_controller.rb": [
        1,
        1,
        1,
        1,
        1,
        null,
        null,
        1,
        2,
        null,
        null,
        null,
        1,
        2,
        null,
        null,
        null,
        1,
        3,
        1,
        null,
        null,
        null,
        1,
        2,
        2,
        null,
        null,
        null,
        1,
        1,
        1,
        null,
        null,
        1,
        null,
        1,
        5,
        null,
        null,
        1,
        16,
        null,
        null,
        1,
        9,
        null,
        null
      ],
      "/Users/victornweze/Desktop/myprojects/ruby/rails-api/todos-api/app/controllers/todos_controller.rb": [
        1,
        1,
        1,
        1,
        null,
        null,
        1,
        null,
        2,
        2,
        null,
        null,
        null,
        1,
        null,
        4,
        2,
        null,
        null,
        null,
        1,
        2,
        null,
        null,
        null,
        1,
        2,
        2,
        null,
        null,
        null,
        1,
        1,
        1,
        null,
        null,
        1,
        null,
        1,
        null,
        6,
        null,
        null,
        1,
        7,
        null,
        null
      ],
      "/Users/victornweze/Desktop/myprojects/ruby/rails-api/todos-api/app/controllers/users_controller.rb": [
        1,
        1,
        null,
        null,
        null,
        1,
        5,
        0,
        0,
        null,
        null,
        5,
        null,
        null,
        1,
        null,
        1,
        5,
        null,
        null,
        1,
        5,
        3,
        3,
        null,
        null,
        null,
        null,
        3,
        null,
        null,
        1,
        null,
        null,
        null,
        null,
        5,
        null,
        null
      ]
    },
    "timestamp": 1553377273
  }
}
